c:\users\home\downloads\d3d11codeset1\chapter 9 blending\blenddemo\debug\vc141.pdb
c:\users\home\downloads\d3d11codeset1\chapter 9 blending\blenddemo\debug\vc141.idb
c:\users\home\downloads\d3d11codeset1\chapter 9 blending\blenddemo\debug\vertex.obj
c:\users\home\downloads\d3d11codeset1\chapter 9 blending\blenddemo\debug\renderstates.obj
c:\users\home\downloads\d3d11codeset1\chapter 9 blending\blenddemo\debug\effects.obj
c:\users\home\downloads\d3d11codeset1\chapter 9 blending\blenddemo\debug\blenddemo.obj
c:\users\home\downloads\d3d11codeset1\chapter 9 blending\blenddemo\debug\waves.obj
c:\users\home\downloads\d3d11codeset1\chapter 9 blending\blenddemo\debug\mathhelper.obj
c:\users\home\downloads\d3d11codeset1\chapter 9 blending\blenddemo\debug\lighthelper.obj
c:\users\home\downloads\d3d11codeset1\chapter 9 blending\blenddemo\debug\geometrygenerator.obj
c:\users\home\downloads\d3d11codeset1\chapter 9 blending\blenddemo\debug\gametimer.obj
c:\users\home\downloads\d3d11codeset1\chapter 9 blending\blenddemo\debug\dxerr.obj
c:\users\home\downloads\d3d11codeset1\chapter 9 blending\blenddemo\debug\ddstextureloader.obj
c:\users\home\downloads\d3d11codeset1\chapter 9 blending\blenddemo\debug\d3dutil.obj
c:\users\home\downloads\d3d11codeset1\chapter 9 blending\blenddemo\debug\d3dapp.obj
c:\users\home\downloads\d3d11codeset1\chapter 9 blending\blenddemo\fx\basic.fxo
c:\users\home\downloads\d3d11codeset1\chapter 9 blending\blenddemo\debug\blenddemo.tlog\cl.command.1.tlog
c:\users\home\downloads\d3d11codeset1\chapter 9 blending\blenddemo\debug\blenddemo.tlog\cl.read.1.tlog
c:\users\home\downloads\d3d11codeset1\chapter 9 blending\blenddemo\debug\blenddemo.tlog\cl.write.1.tlog
c:\users\home\downloads\d3d11codeset1\chapter 9 blending\blenddemo\debug\blenddemo.tlog\custombuild.command.1.tlog
c:\users\home\downloads\d3d11codeset1\chapter 9 blending\blenddemo\debug\blenddemo.tlog\custombuild.read.1.tlog
c:\users\home\downloads\d3d11codeset1\chapter 9 blending\blenddemo\debug\blenddemo.tlog\custombuild.write.1.tlog
c:\users\home\downloads\d3d11codeset1\chapter 9 blending\blenddemo\debug\blenddemo.tlog\link.command.1.tlog
c:\users\home\downloads\d3d11codeset1\chapter 9 blending\blenddemo\debug\blenddemo.tlog\link.read.1.tlog
c:\users\home\downloads\d3d11codeset1\chapter 9 blending\blenddemo\debug\blenddemo.tlog\link.write.1.tlog
