C:\Program Files (x86)\Microsoft Visual Studio\2017\Community\Common7\IDE\VC\VCTargets\Microsoft.CppBuild.targets(391,5): warning MSB8028: The intermediate directory (Debug\) contains files shared from another project (Triangle.vcxproj).  This can lead to incorrect clean and rebuild behavior.
  fxc compile for debug: C:\Users\home\Downloads\d3d11CodeSet1\Chapter 6 Drawing in Direct3D\PointList\FX\color.fx
  Microsoft (R) Direct3D Shader Compiler 10.1
  Copyright (C) 2013 Microsoft. All rights reserved.
  
CUSTOMBUILD : warning X4717: Effects deprecated for D3DCompiler_47
  
  compilation code save succeeded; see color.cod
  compilation object save succeeded; see C:\Users\home\Downloads\d3d11CodeSet1\Chapter 6 Drawing in Direct3D\PointList\FX\color.fxo
  d3dApp.cpp
c:\users\home\downloads\d3d11codeset1\common\d3dapp.cpp(191): warning C4996: 'sprintf': This function or variable may be unsafe. Consider using sprintf_s instead. To disable deprecation, use _CRT_SECURE_NO_WARNINGS. See online help for details.
  c:\program files (x86)\windows kits\10\include\10.0.17134.0\ucrt\stdio.h(1774): note: see declaration of 'sprintf'
c:\users\home\downloads\d3d11codeset1\common\d3dapp.cpp(396): warning C4996: 'sprintf': This function or variable may be unsafe. Consider using sprintf_s instead. To disable deprecation, use _CRT_SECURE_NO_WARNINGS. See online help for details.
  c:\program files (x86)\windows kits\10\include\10.0.17134.0\ucrt\stdio.h(1774): note: see declaration of 'sprintf'
c:\users\home\downloads\d3d11codeset1\common\d3dapp.cpp(409): warning C4996: 'sprintf': This function or variable may be unsafe. Consider using sprintf_s instead. To disable deprecation, use _CRT_SECURE_NO_WARNINGS. See online help for details.
  c:\program files (x86)\windows kits\10\include\10.0.17134.0\ucrt\stdio.h(1774): note: see declaration of 'sprintf'
c:\users\home\downloads\d3d11codeset1\common\d3dapp.cpp(424): warning C4996: 'sprintf': This function or variable may be unsafe. Consider using sprintf_s instead. To disable deprecation, use _CRT_SECURE_NO_WARNINGS. See online help for details.
  c:\program files (x86)\windows kits\10\include\10.0.17134.0\ucrt\stdio.h(1774): note: see declaration of 'sprintf'
c:\users\home\downloads\d3d11codeset1\common\d3dapp.cpp(429): warning C4996: 'sprintf': This function or variable may be unsafe. Consider using sprintf_s instead. To disable deprecation, use _CRT_SECURE_NO_WARNINGS. See online help for details.
  c:\program files (x86)\windows kits\10\include\10.0.17134.0\ucrt\stdio.h(1774): note: see declaration of 'sprintf'
c:\users\home\downloads\d3d11codeset1\common\d3dapp.cpp(431): warning C4996: 'sprintf': This function or variable may be unsafe. Consider using sprintf_s instead. To disable deprecation, use _CRT_SECURE_NO_WARNINGS. See online help for details.
  c:\program files (x86)\windows kits\10\include\10.0.17134.0\ucrt\stdio.h(1774): note: see declaration of 'sprintf'
c:\users\home\downloads\d3d11codeset1\common\d3dapp.cpp(433): warning C4996: 'sprintf': This function or variable may be unsafe. Consider using sprintf_s instead. To disable deprecation, use _CRT_SECURE_NO_WARNINGS. See online help for details.
  c:\program files (x86)\windows kits\10\include\10.0.17134.0\ucrt\stdio.h(1774): note: see declaration of 'sprintf'
  d3dUtil.cpp
  DDSTextureLoader.cpp
  dxerr.cpp
  GameTimer.cpp
  GeometryGenerator.cpp
  MathHelper.cpp
  PointListDemo.cpp
  Generating Code...
Effects11d.lib(d3dxGlobal.obj) : warning LNK4099: PDB 'Effects11d.pdb' was not found with 'Effects11d.lib(d3dxGlobal.obj)' or at 'C:\Users\home\Downloads\d3d11CodeSet1\Chapter 6 Drawing in Direct3D\PointList\Debug\Effects11d.pdb'; linking object as if no debug info
Effects11d.lib(EffectAPI.obj) : warning LNK4099: PDB 'Effects11d.pdb' was not found with 'Effects11d.lib(EffectAPI.obj)' or at 'C:\Users\home\Downloads\d3d11CodeSet1\Chapter 6 Drawing in Direct3D\PointList\Debug\Effects11d.pdb'; linking object as if no debug info
Effects11d.lib(EffectLoad.obj) : warning LNK4099: PDB 'Effects11d.pdb' was not found with 'Effects11d.lib(EffectLoad.obj)' or at 'C:\Users\home\Downloads\d3d11CodeSet1\Chapter 6 Drawing in Direct3D\PointList\Debug\Effects11d.pdb'; linking object as if no debug info
Effects11d.lib(EffectNonRuntime.obj) : warning LNK4099: PDB 'Effects11d.pdb' was not found with 'Effects11d.lib(EffectNonRuntime.obj)' or at 'C:\Users\home\Downloads\d3d11CodeSet1\Chapter 6 Drawing in Direct3D\PointList\Debug\Effects11d.pdb'; linking object as if no debug info
Effects11d.lib(EffectReflection.obj) : warning LNK4099: PDB 'Effects11d.pdb' was not found with 'Effects11d.lib(EffectReflection.obj)' or at 'C:\Users\home\Downloads\d3d11CodeSet1\Chapter 6 Drawing in Direct3D\PointList\Debug\Effects11d.pdb'; linking object as if no debug info
Effects11d.lib(EffectRuntime.obj) : warning LNK4099: PDB 'Effects11d.pdb' was not found with 'Effects11d.lib(EffectRuntime.obj)' or at 'C:\Users\home\Downloads\d3d11CodeSet1\Chapter 6 Drawing in Direct3D\PointList\Debug\Effects11d.pdb'; linking object as if no debug info
  Triangle.vcxproj -> C:\Users\home\Downloads\d3d11CodeSet1\Chapter 6 Drawing in Direct3D\PointList\Debug\PointList.exe
