c:\users\czhe\documents\github\d3d11codeset1\chapter 4 direct3d initialization\init direct3d\release\vc141.pdb
c:\users\czhe\documents\github\d3d11codeset1\chapter 4 direct3d initialization\init direct3d\release\init direct3d.obj
c:\users\czhe\documents\github\d3d11codeset1\chapter 4 direct3d initialization\init direct3d\release\gametimer.obj
c:\users\czhe\documents\github\d3d11codeset1\chapter 4 direct3d initialization\init direct3d\release\dxerr.obj
c:\users\czhe\documents\github\d3d11codeset1\chapter 4 direct3d initialization\init direct3d\release\ddstextureloader.obj
c:\users\czhe\documents\github\d3d11codeset1\chapter 4 direct3d initialization\init direct3d\release\d3dutil.obj
c:\users\czhe\documents\github\d3d11codeset1\chapter 4 direct3d initialization\init direct3d\release\d3dapp.obj
c:\users\czhe\documents\github\d3d11codeset1\chapter 4 direct3d initialization\init direct3d\release\init direct3d.ipdb
c:\users\czhe\documents\github\d3d11codeset1\chapter 4 direct3d initialization\init direct3d\release\init direct3d.iobj
c:\users\czhe\documents\github\d3d11codeset1\chapter 4 direct3d initialization\init direct3d\release\init direct3d.exe
c:\users\czhe\documents\github\d3d11codeset1\chapter 4 direct3d initialization\init direct3d\release\init direct3d.pdb
c:\users\home\downloads\d3d11codeset1\chapter 4 direct3d initialization\init direct3d\release\d3dapp.obj
c:\users\home\downloads\d3d11codeset1\chapter 4 direct3d initialization\init direct3d\release\d3dutil.obj
c:\users\home\downloads\d3d11codeset1\chapter 4 direct3d initialization\init direct3d\release\ddstextureloader.obj
c:\users\home\downloads\d3d11codeset1\chapter 4 direct3d initialization\init direct3d\release\dxerr.obj
c:\users\home\downloads\d3d11codeset1\chapter 4 direct3d initialization\init direct3d\release\gametimer.obj
c:\users\home\downloads\d3d11codeset1\chapter 4 direct3d initialization\init direct3d\release\init direct3d.obj
c:\users\home\downloads\d3d11codeset1\chapter 4 direct3d initialization\init direct3d\release\init direct3d.ipdb
c:\users\home\downloads\d3d11codeset1\chapter 4 direct3d initialization\init direct3d\release\init direct3d.iobj
c:\users\home\downloads\d3d11codeset1\chapter 4 direct3d initialization\init direct3d\release\init direct3d.pdb
c:\users\home\downloads\d3d11codeset1\chapter 4 direct3d initialization\init direct3d\release\vc141.pdb
c:\users\home\downloads\d3d11codeset1\chapter 4 direct3d initialization\init direct3d\release\init direct3d.exe
c:\users\home\downloads\d3d11codeset1\chapter 4 direct3d initialization\init direct3d\release\init direct3d.tlog\cl.command.1.tlog
c:\users\home\downloads\d3d11codeset1\chapter 4 direct3d initialization\init direct3d\release\init direct3d.tlog\cl.read.1.tlog
c:\users\home\downloads\d3d11codeset1\chapter 4 direct3d initialization\init direct3d\release\init direct3d.tlog\cl.write.1.tlog
c:\users\home\downloads\d3d11codeset1\chapter 4 direct3d initialization\init direct3d\release\init direct3d.tlog\init direct3d.write.1u.tlog
c:\users\home\downloads\d3d11codeset1\chapter 4 direct3d initialization\init direct3d\release\init direct3d.tlog\link.command.1.tlog
c:\users\home\downloads\d3d11codeset1\chapter 4 direct3d initialization\init direct3d\release\init direct3d.tlog\link.read.1.tlog
c:\users\home\downloads\d3d11codeset1\chapter 4 direct3d initialization\init direct3d\release\init direct3d.tlog\link.write.1.tlog
