  fxc compile for release: C:\Users\home\Downloads\d3d11CodeSet1\Chapter 6 Drawing in Direct3D\Skull\FX\color.fx
  Microsoft (R) Direct3D Shader Compiler 10.1
  Copyright (C) 2013 Microsoft. All rights reserved.
  
CUSTOMBUILD : warning X4717: Effects deprecated for D3DCompiler_47
  
  compilation object save succeeded; see C:\Users\home\Downloads\d3d11CodeSet1\Chapter 6 Drawing in Direct3D\Skull\FX\color.fxo
  d3dApp.cpp
  d3dUtil.cpp
  DDSTextureLoader.cpp
  dxerr.cpp
  GameTimer.cpp
  GeometryGenerator.cpp
  MathHelper.cpp
  SkullDemo.cpp
  Generating code
  480 of 484 functions (99.2%) were compiled, the rest were copied from previous compilation.
    0 functions were new in current compilation
    0 functions had inline decision re-evaluated but remain unchanged
  Finished generating code
Effects11.lib(d3dxGlobal.obj) : warning LNK4099: PDB 'Effects11.pdb' was not found with 'Effects11.lib(d3dxGlobal.obj)' or at 'C:\Users\home\Downloads\d3d11CodeSet1\Chapter 6 Drawing in Direct3D\Skull\Release\Effects11.pdb'; linking object as if no debug info
Effects11.lib(EffectAPI.obj) : warning LNK4099: PDB 'Effects11.pdb' was not found with 'Effects11.lib(EffectAPI.obj)' or at 'C:\Users\home\Downloads\d3d11CodeSet1\Chapter 6 Drawing in Direct3D\Skull\Release\Effects11.pdb'; linking object as if no debug info
Effects11.lib(EffectLoad.obj) : warning LNK4099: PDB 'Effects11.pdb' was not found with 'Effects11.lib(EffectLoad.obj)' or at 'C:\Users\home\Downloads\d3d11CodeSet1\Chapter 6 Drawing in Direct3D\Skull\Release\Effects11.pdb'; linking object as if no debug info
Effects11.lib(EffectNonRuntime.obj) : warning LNK4099: PDB 'Effects11.pdb' was not found with 'Effects11.lib(EffectNonRuntime.obj)' or at 'C:\Users\home\Downloads\d3d11CodeSet1\Chapter 6 Drawing in Direct3D\Skull\Release\Effects11.pdb'; linking object as if no debug info
Effects11.lib(EffectReflection.obj) : warning LNK4099: PDB 'Effects11.pdb' was not found with 'Effects11.lib(EffectReflection.obj)' or at 'C:\Users\home\Downloads\d3d11CodeSet1\Chapter 6 Drawing in Direct3D\Skull\Release\Effects11.pdb'; linking object as if no debug info
Effects11.lib(EffectRuntime.obj) : warning LNK4099: PDB 'Effects11.pdb' was not found with 'Effects11.lib(EffectRuntime.obj)' or at 'C:\Users\home\Downloads\d3d11CodeSet1\Chapter 6 Drawing in Direct3D\Skull\Release\Effects11.pdb'; linking object as if no debug info
  Skull.vcxproj -> C:\Users\home\Downloads\d3d11CodeSet1\Chapter 6 Drawing in Direct3D\Skull\Release\Skull.exe
